<?xml version="1.0" encoding="UTF-8"?>
<!-- Generated by org.testng.reporters.JUnitReportReporter -->
<testsuite hostname="TVMATP125666L" failures="0" tests="1" name="tests.TestOnLocalAPI" time="0.505" errors="0" timestamp="2025-02-01T20:36:30 IST" skipped="0">
  <testcase classname="tests.TestOnLocalAPI" name="get" time="0.505"/>
  <system-out/>
</testsuite> <!-- tests.TestOnLocalAPI -->
