<?xml version="1.0" encoding="UTF-8"?>
<!-- Generated by org.testng.reporters.JUnitReportReporter -->
<testsuite hostname="TVMATP125666L" failures="0" tests="1" name="demo.JWTTOKENAUTHENDICATION" time="1.705" errors="0" timestamp="2025-02-08T16:49:08 IST" skipped="0">
  <testcase classname="demo.JWTTOKENAUTHENDICATION" name="testLoginAndGetToken" time="1.705"/>
  <system-out/>
</testsuite> <!-- demo.JWTTOKENAUTHENDICATION -->
