<?xml version="1.0" encoding="UTF-8"?>
<!-- Generated by org.testng.reporters.JUnitReportReporter -->
<testsuite hostname="TVMATP125666L" failures="0" tests="2" name="tests.TestOne" time="4.653" errors="0" timestamp="2024-11-17T20:27:48 IST" skipped="0">
  <testcase classname="tests.TestOne" name="test_1" time="2.591"/>
  <testcase classname="tests.TestOne" name="test_2" time="2.062"/>
</testsuite> <!-- tests.TestOne -->
