<?xml version="1.0" encoding="UTF-8"?>
<!-- Generated by org.testng.reporters.JUnitReportReporter -->
<testsuite hostname="TVMATP125666L" failures="0" tests="2" name="tests.TestOne" time="80.320" errors="0" timestamp="2025-02-01T19:53:25 IST" skipped="0">
  <testcase classname="tests.TestOne" name="test_1" time="3.815"/>
  <system-out/>
  <testcase classname="tests.TestOne" name="test_2" time="76.505"/>
  <system-out/>
</testsuite> <!-- tests.TestOne -->
