<?xml version="1.0" encoding="UTF-8"?>
<!-- Generated by org.testng.reporters.JUnitReportReporter -->
<testsuite hostname="TVMATP125666L" failures="0" tests="3" name="tests.PutPatchDeleteExamples" time="6.150" errors="0" timestamp="2024-11-23T11:47:54 IST" skipped="0">
  <testcase classname="tests.PutPatchDeleteExamples" name="testPut" time="1.835"/>
  <testcase classname="tests.PutPatchDeleteExamples" name="testDelete" time="2.147"/>
  <testcase classname="tests.PutPatchDeleteExamples" name="testPatch" time="2.168"/>
</testsuite> <!-- tests.PutPatchDeleteExamples -->
