<?xml version="1.0" encoding="UTF-8"?>
<!-- Generated by org.testng.reporters.JUnitReportReporter -->
<testsuite hostname="TVMATP125666L" failures="0" tests="1" name="tests.SoapXMLRequest" time="1.387" errors="0" timestamp="2024-11-29T18:45:38 IST" skipped="0">
  <testcase classname="tests.SoapXMLRequest" name="validateSoapXML" time="1.387"/>
</testsuite> <!-- tests.SoapXMLRequest -->
