<?xml version="1.0" encoding="UTF-8"?>
<!-- Generated by org.testng.reporters.JUnitReportReporter -->
<testsuite hostname="TVMATP125666L" failures="0" tests="1" name="tests.DataDrivenForTest" time="0.483" errors="0" timestamp="2024-12-25T17:22:34 IST" skipped="0">
  <testcase classname="tests.DataDrivenForTest" name="testDelete_One" time="0.483"/>
</testsuite> <!-- tests.DataDrivenForTest -->
