<?xml version="1.0" encoding="UTF-8"?>
<!-- Generated by org.testng.reporters.JUnitReportReporter -->
<testsuite hostname="TVMATP125666L" failures="0" tests="2" name="tests.TestOnLocalAPI" time="0.489" errors="0" timestamp="2024-11-24T14:55:05 IST" skipped="0">
  <testcase classname="tests.TestOnLocalAPI" name="patch" time="0.020"/>
  <testcase classname="tests.TestOnLocalAPI" name="delete" time="0.469"/>
</testsuite> <!-- tests.TestOnLocalAPI -->
