<?xml version="1.0" encoding="UTF-8"?>
<!-- Generated by org.testng.reporters.JUnitReportReporter -->
<testsuite hostname="TVMATP125666L" failures="0" tests="1" name="tests.SoapXMLRequest" time="2.846" errors="0" timestamp="2025-02-08T16:48:40 IST" skipped="0">
  <testcase classname="tests.SoapXMLRequest" name="validateSoapXML" time="2.846"/>
  <system-out/>
</testsuite> <!-- tests.SoapXMLRequest -->
