<?xml version="1.0" encoding="UTF-8"?>
<!-- Generated by org.testng.reporters.JUnitReportReporter -->
<testsuite hostname="TVMATP125666L" failures="0" tests="2" name="tests.GetAndPostExamples" time="4.057" errors="0" timestamp="2024-11-23T06:29:49 IST" skipped="0">
  <testcase classname="tests.GetAndPostExamples" name="testGet" time="2.068"/>
  <testcase classname="tests.GetAndPostExamples" name="testPost" time="1.989"/>
</testsuite> <!-- tests.GetAndPostExamples -->
